<component name="libraryTable">
  <library name="junit-4.13.1">
    <CLASSES>
      <root url="file://$PROJECT_DIR$/../../../../Program Files (x86)/Java/Junit 4.14.1" />
    </CLASSES>
    <JAVADOC />
    <SOURCES />
    <jarDirectory url="file://$PROJECT_DIR$/../../../../Program Files (x86)/Java/Junit 4.14.1" recursive="false" />
  </library>
</component>