<component name="libraryTable">
  <library name="junit-4.13.11">
    <CLASSES>
      <root url="jar://$USER_HOME$/OneDrive/Skrivbord/Skola/HT-20/Testning/junit-4.13.1.jar!/" />
    </CLASSES>
    <JAVADOC />
    <SOURCES />
  </library>
</component>